#
# There is insufficient memory for the Java Runtime Environment to continue.
# Native memory allocation (malloc) failed to allocate 32744 bytes for ChunkPool::allocate
# Possible reasons:
#   The system is out of physical RAM or swap space
#   In 32 bit mode, the process size limit was hit
# Possible solutions:
#   Reduce memory load on the system
#   Increase physical memory or swap space
#   Check if swap backing store is full
#   Use 64 bit Java on a 64 bit OS
#   Decrease Java heap size (-Xmx/-Xms)
#   Decrease number of Java threads
#   Decrease Java thread stack sizes (-Xss)
#   Set larger code cache with -XX:ReservedCodeCacheSize=
# This output file may be truncated or incomplete.
#
#  Out of Memory Error (allocation.cpp:273), pid=5376, tid=552
#
# JRE version: Java(TM) SE Runtime Environment (8.0_40-b25) (build 1.8.0_40-b25)
# Java VM: Java HotSpot(TM) 64-Bit Server VM (25.40-b25 mixed mode windows-amd64 compressed oops)
# Failed to write core dump. Minidumps are not enabled by default on client versions of Windows
#

---------------  T H R E A D  ---------------

Current thread (0x00000000565bc800):  JavaThread "C2 CompilerThread1" daemon [_thread_in_vm, id=552, stack(0x00000000560a0000,0x00000000561a0000)]

Stack: [0x00000000560a0000,0x00000000561a0000]
Native frames: (J=compiled Java code, j=interpreted, Vv=VM code, C=native code)
V  [jvm.dll+0x32b47a]


Current CompileTask:
C2:    307  451       4       java.util.BitSet::checkInvariants (111 bytes)


---------------  P R O C E S S  ---------------

Java Threads: ( => current thread )
  0x000000005663b000 JavaThread "Service Thread" daemon [_thread_blocked, id=5560, stack(0x00000000570c0000,0x00000000571c0000)]
  0x00000000565bd800 JavaThread "C1 CompilerThread2" daemon [_thread_in_native, id=4304, stack(0x0000000056f70000,0x0000000057070000)]
=>0x00000000565bc800 JavaThread "C2 CompilerThread1" daemon [_thread_in_vm, id=552, stack(0x00000000560a0000,0x00000000561a0000)]
  0x00000000565b5000 JavaThread "C2 CompilerThread0" daemon [_thread_in_native, id=5744, stack(0x0000000056d10000,0x0000000056e10000)]
  0x00000000565a9000 JavaThread "Attach Listener" daemon [_thread_blocked, id=5752, stack(0x0000000056ae0000,0x0000000056be0000)]
  0x00000000565a8800 JavaThread "Signal Dispatcher" daemon [_thread_blocked, id=5184, stack(0x00000000569a0000,0x0000000056aa0000)]
  0x00000000550ed000 JavaThread "Finalizer" daemon [_thread_blocked, id=5344, stack(0x00000000564a0000,0x00000000565a0000)]
  0x00000000550e4000 JavaThread "Reference Handler" daemon [_thread_blocked, id=2944, stack(0x0000000056380000,0x0000000056480000)]
  0x0000000001c3e800 JavaThread "main" [_thread_in_Java, id=5096, stack(0x0000000002780000,0x0000000002880000)]

Other Threads:
  0x00000000550da800 VMThread [stack: 0x00000000561b0000,0x00000000562b0000] [id=5976]
  0x000000005664e000 WatcherThread [stack: 0x00000000572f0000,0x00000000573f0000] [id=728]

VM state:not at safepoint (normal execution)

VM Mutex/Monitor currently owned by a thread: None

Heap:
 PSYoungGen      total 38400K, used 10246K [0x00000000eab00000, 0x00000000ed580000, 0x0000000100000000)
  eden space 33280K, 30% used [0x00000000eab00000,0x00000000eb501a40,0x00000000ecb80000)
  from space 5120K, 0% used [0x00000000ed080000,0x00000000ed080000,0x00000000ed580000)
  to   space 5120K, 0% used [0x00000000ecb80000,0x00000000ecb80000,0x00000000ed080000)
 ParOldGen       total 87552K, used 0K [0x00000000c0000000, 0x00000000c5580000, 0x00000000eab00000)
  object space 87552K, 0% used [0x00000000c0000000,0x00000000c0000000,0x00000000c5580000)
 Metaspace       used 5080K, capacity 6448K, committed 6528K, reserved 1056768K
  class space    used 543K, capacity 616K, committed 640K, reserved 1048576K

Card table byte_map: [0x0000000011c40000,0x0000000011e50000] byte_map_base: 0x0000000011640000

Marking Bits: (ParMarkBitMap*) 0x000000006eb24040
 Begin Bits: [0x0000000012550000, 0x0000000013550000)
 End Bits:   [0x0000000013550000, 0x0000000014550000)

Polling page: 0x0000000000140000

CodeCache: size=245760Kb used=2014Kb max_used=2025Kb free=243745Kb
 bounds [0x0000000002880000, 0x0000000002af0000, 0x0000000011880000]
 total_blobs=697 nmethods=431 adapters=179
 compilation: enabled

Compilation events (10 events):
Event: 0.293 Thread 0x00000000565bd800  407       3       com.android.dx.cf.iface.StdAttributeList::set (7 bytes)
Event: 0.293 Thread 0x00000000565bc800  445       4       java.util.ArrayList$Itr::hasNext (20 bytes)
Event: 0.293 Thread 0x00000000565bd800 nmethod 407 0x0000000002a77190 code [0x0000000002a77360, 0x0000000002a77b28]
Event: 0.293 Thread 0x00000000565bd800  425       3       com.android.dx.cf.attrib.AttConstantValue::<init> (71 bytes)
Event: 0.293 Thread 0x00000000565bc800 nmethod 445 0x0000000002a1a890 code [0x0000000002a1a9c0, 0x0000000002a1aa38]
Event: 0.293 Thread 0x00000000565bd800 nmethod 425 0x0000000002a7a010 code [0x0000000002a7a1e0, 0x0000000002a7ab98]
Event: 0.293 Thread 0x00000000565bd800  442   !   3       com.android.dx.cf.code.BytecodeArray::parseInstruction (2764 bytes)
Event: 0.294 Thread 0x00000000565bc800  447       4       com.android.dx.util.MutabilityControl::throwIfImmutable (18 bytes)
Event: 0.294 Thread 0x00000000565bc800 nmethod 447 0x0000000002a60cd0 code [0x0000000002a60e00, 0x0000000002a60e78]
Event: 0.295 Thread 0x00000000565bc800  451       4       java.util.BitSet::checkInvariants (111 bytes)

GC Heap History (0 events):
No events

Deoptimization events (0 events):
No events

Internal exceptions (2 events):
Event: 0.023 Thread 0x0000000001c3e800 Exception <a 'java/lang/NoSuchMethodError': Method sun.misc.Unsafe.defineClass(Ljava/lang/String;[BII)Ljava/lang/Class; name or signature does not match> (0x00000000eab12f38) thrown at [D:\re\workspace\8-2-build-windows-amd64-cygwin\jdk8u40\2855\hotspot\srmﬁjx’ò?
Event: 0.023 Thread 0x0000000001c3e800 Exception <a 'java/lang/NoSuchMethodError': Method sun.misc.Unsafe.prefetchRead(Ljava/lang/Object;J)V name or signature does not match> (0x00000000eab131c8) thrown at [D:\re\workspace\8-2-build-windows-amd64-cygwin\jdk8u40\2855\hotspot\src\share\vm\prims\j

Events (10 events):
Event: 0.258 loading class com/android/dx/dex/file/DebugInfoItem
Event: 0.258 loading class com/android/dx/dex/file/DebugInfoItem done
Event: 0.258 loading class java/io/PrintWriter
Event: 0.258 loading class java/io/PrintWriter done
Event: 0.259 loading class com/android/dx/rop/annotation/AnnotationsList
Event: 0.259 loading class com/android/dx/rop/annotation/AnnotationsList done
Event: 0.259 loading class com/android/dx/dex/file/MethodIdItem
Event: 0.259 loading class com/android/dx/dex/file/MethodIdItem done
Event: 0.289 loading class com/android/dx/cf/code/BytecodeArray$ConstantParserVisitor
Event: 0.289 loading class com/android/dx/cf/code/BytecodeArray$ConstantParserVisitor done


Dynamic libraries:
0x000000013f170000 - 0x000000013f1a7000 	C:\Program Files\Java\jdk1.8.0_40\bin\java.exe
0x00000000777c0000 - 0x0000000077969000 	C:\Windows\SYSTEM32\ntdll.dll
0x00000000775a0000 - 0x00000000776bf000 	C:\Windows\system32\kernel32.dll
0x000007fefd5e0000 - 0x000007fefd64c000 	C:\Windows\system32\KERNELBASE.dll
0x000007fefe3b0000 - 0x000007fefe48b000 	C:\Windows\system32\ADVAPI32.dll
0x000007fefe730000 - 0x000007fefe7cf000 	C:\Windows\system32\msvcrt.dll
0x000007feffab0000 - 0x000007feffacf000 	C:\Windows\SYSTEM32\sechost.dll
0x000007fefe000000 - 0x000007fefe12d000 	C:\Windows\system32\RPCRT4.dll
0x00000000776c0000 - 0x00000000777ba000 	C:\Windows\system32\USER32.dll
0x000007fefe7d0000 - 0x000007fefe837000 	C:\Windows\system32\GDI32.dll
0x000007fefe4b0000 - 0x000007fefe4be000 	C:\Windows\system32\LPK.dll
0x000007fefe1d0000 - 0x000007fefe299000 	C:\Windows\system32\USP10.dll
0x000007fefc100000 - 0x000007fefc2f4000 	C:\Windows\WinSxS\amd64_microsoft.windows.common-controls_6595b64144ccf1df_6.0.7601.18837_none_fa3b1e3d17594757\COMCTL32.dll
0x000007feff7b0000 - 0x000007feff821000 	C:\Windows\system32\SHLWAPI.dll
0x000007fefdfd0000 - 0x000007fefdffe000 	C:\Windows\system32\IMM32.DLL
0x000007fefe2a0000 - 0x000007fefe3a9000 	C:\Windows\system32\MSCTF.dll
0x0000000065c90000 - 0x0000000065d62000 	C:\Program Files\Java\jdk1.8.0_40\jre\bin\msvcr100.dll
0x000000006e320000 - 0x000000006eba3000 	C:\Program Files\Java\jdk1.8.0_40\jre\bin\server\jvm.dll
0x000007feec720000 - 0x000007feec729000 	C:\Windows\system32\WSOCK32.dll
0x000007fefe9d0000 - 0x000007fefea1d000 	C:\Windows\system32\WS2_32.dll
0x000007fefe4c0000 - 0x000007fefe4c8000 	C:\Windows\system32\NSI.dll
0x000007fef9690000 - 0x000007fef96cb000 	C:\Windows\system32\WINMM.dll
0x000007fefc5f0000 - 0x000007fefc5fc000 	C:\Windows\system32\VERSION.dll
0x0000000077980000 - 0x0000000077987000 	C:\Windows\system32\PSAPI.DLL
0x00000000733b0000 - 0x00000000733bf000 	C:\Program Files\Java\jdk1.8.0_40\jre\bin\verify.dll
0x0000000072460000 - 0x0000000072489000 	C:\Program Files\Java\jdk1.8.0_40\jre\bin\java.dll
0x0000000072440000 - 0x0000000072456000 	C:\Program Files\Java\jdk1.8.0_40\jre\bin\zip.dll
0x000007fefea20000 - 0x000007feff7a9000 	C:\Windows\system32\SHELL32.dll
0x000007fefda70000 - 0x000007fefdc73000 	C:\Windows\system32\ole32.dll
0x000007fefd570000 - 0x000007fefd57f000 	C:\Windows\system32\profapi.dll

VM Arguments:
jvm_args: -Xmx1024M -Dfile.encoding=x-windows-950 -Duser.country=TW -Duser.language=zh -Duser.variant 
java_command: com.android.dx.command.Main --dex --output C:\Users\salah\Desktop\MyApplication2\app\build\intermediates\dex\debug C:\Users\salah\Desktop\MyApplication2\app\build\intermediates\classes\debug C:\Users\salah\Desktop\MyApplication2\app\build\intermediates\pre-dexed\debug\support-annotations-22.0.0-4628f84ade1c477d6f88e93ba7c313bb79310797.jar C:\Users\salah\Desktop\MyApplication2\app\build\intermediates\pre-dexed\debug\internal_impl-22.0.0-628f0cf59d4eb0fc73ce1a693475b6fc9c072338.jar C:\Users\salah\Desktop\MyApplication2\app\build\intermediates\pre-dexed\debug\jsoup-1.8.3-12aa994980d11f55b4f8cdb9066c7e684f6ba014.jar C:\Users\salah\Desktop\MyApplication2\app\build\intermediates\pre-dexed\debug\classes-97eda1129630f42d544d4ef45190a9e41369ec29.jar C:\Users\salah\Desktop\MyApplication2\app\build\intermediates\pre-dexed\debug\classes-26f09d1941fba689022f5b8fb3f58b0080102a66.jar
java_class_path (initial): E:\AppData\Local\Android\sdk\build-tools\21.1.2\lib\dx.jar
Launcher Type: SUN_STANDARD

Environment Variables:
PATH=C:\ProgramData\Oracle\Java\javapath;C:\Program Files (x86)\Intel\iCLS Client\;C:\Program Files\Intel\iCLS Client\;C:\Windows\system32;C:\Windows;C:\Windows\System32\Wbem;C:\Windows\System32\WindowsPowerShell\v1.0\;C:\Program Files (x86)\ATI Technologies\ATI.ACE\Core-Static;C:\Program Files\Intel\Intel(R) Management Engine Components\DAL;C:\Program Files\Intel\Intel(R) Management Engine Components\IPT;C:\Program Files (x86)\Intel\Intel(R) Management Engine Components\DAL;C:\Program Files (x86)\Intel\Intel(R) Management Engine Components\IPT;C:\Program Files\Java\jdk1.5.0_22\bin;C:\MinGW\bin;C:\nasm;C:\Program Files (x86)\AMD\ATI.ACE\Core-Static
USERNAME=salah
OS=Windows_NT
PROCESSOR_IDENTIFIER=Intel64 Family 6 Model 58 Stepping 9, GenuineIntel



---------------  S Y S T E M  ---------------

OS: Windows 7 , 64 bit Build 7601 (6.1.7601.18933)

CPU:total 4 (4 cores per cpu, 1 threads per core) family 6 model 58 stepping 9, cmov, cx8, fxsr, mmx, sse, sse2, sse3, ssse3, sse4.1, sse4.2, popcnt, avx, aes, clmul, erms, tsc, tscinvbit, tscinv

Memory: 4k page, physical 8327352k(1796756k free), swap 8325512k(4912k free)

vm_info: Java HotSpot(TM) 64-Bit Server VM (25.40-b25) for windows-amd64 JRE (1.8.0_40-b25), built on Feb 10 2015 21:53:57 by "java_re" with MS VC++ 10.0 (VS2010)

time: Mon Aug 24 15:59:37 2015
elapsed time: 0 seconds (0d 0h 0m 0s)

